<?xml version="1.0" encoding="UTF-8"?>
<testsuite name="com.thoughtworks.WalletTest" tests="2" skipped="0" failures="0" errors="0" timestamp="2022-02-26T07:57:58" hostname="Varshas-MBP" time="0.022">
  <properties/>
  <testcase name="shouldAddMoneyToBalanceWhenDeposited()" classname="com.thoughtworks.WalletTest" time="0.021"/>
  <testcase name="shouldWithdrawMoneyWhenRequested()" classname="com.thoughtworks.WalletTest" time="0.0"/>
  <system-out><![CDATA[]]></system-out>
  <system-err><![CDATA[]]></system-err>
</testsuite>
