<?xml version="1.0" encoding="UTF-8"?>
<testsuite name="com.thoughtworks.WalletTest" tests="1" skipped="0" failures="0" errors="0" timestamp="2022-02-26T07:18:17" hostname="Varshas-MBP" time="0.039">
  <properties/>
  <testcase name="shouldAddMoneyToBalanceWhenDeposited()" classname="com.thoughtworks.WalletTest" time="0.039"/>
  <system-out><![CDATA[]]></system-out>
  <system-err><![CDATA[]]></system-err>
</testsuite>
